CRITICAL - 2025-06-07 00:42:12 --> ErrorException: ini_set(): Session ini settings cannot be changed when a session is active
[Method: GET, Route: xplorea/login]
in SYSTEMPATH\Session\Handlers\FileHandler.php on line 74.
 1 [internal function]: CodeIgniter\Debug\Exceptions->errorHandler(2, 'ini_set(): Session ini settings cannot be changed when a session is active', 'C:\\xampp\\htdocs\\Xplorea\\system\\Session\\Handlers\\FileHandler.php', 74)
 2 SYSTEMPATH\Session\Handlers\FileHandler.php(74): ini_set('session.save_path', 'C:\\xampp\\htdocs\\Xplorea\\writable\\session')
 3 SYSTEMPATH\Config\Services.php(697): CodeIgniter\Session\Handlers\FileHandler->__construct(Object(Config\Session), '::1')
 4 SYSTEMPATH\Config\BaseService.php(312): CodeIgniter\Config\Services::session(Object(Config\Session), false)
 5 SYSTEMPATH\Config\BaseService.php(251): CodeIgniter\Config\BaseService::__callStatic('session', [...])
 6 SYSTEMPATH\Config\Services.php(668): CodeIgniter\Config\BaseService::getSharedInstance('session', null)
 7 SYSTEMPATH\Config\BaseService.php(321): CodeIgniter\Config\Services::session()
 8 SYSTEMPATH\Config\BaseService.php(202): CodeIgniter\Config\BaseService::__callStatic('session', [])
 9 SYSTEMPATH\Common.php(1000): CodeIgniter\Config\BaseService::get('session')
10 SYSTEMPATH\Common.php(973): service('session')
11 SYSTEMPATH\CodeIgniter.php(1064): session()
12 SYSTEMPATH\CodeIgniter.php(540): CodeIgniter\CodeIgniter->storePreviousURL(Object(CodeIgniter\HTTP\SiteURI))
13 SYSTEMPATH\CodeIgniter.php(354): CodeIgniter\CodeIgniter->handleRequest(null, Object(Config\Cache), false)
14 SYSTEMPATH\Boot.php(334): CodeIgniter\CodeIgniter->run()
15 SYSTEMPATH\Boot.php(67): CodeIgniter\Boot::runCodeIgniter(Object(CodeIgniter\CodeIgniter))
16 FCPATH\index.php(59): CodeIgniter\Boot::bootWeb(Object(Config\Paths))
17 SYSTEMPATH\rewrite.php(44): require_once('C:\\xampp\\htdocs\\Xplorea\\public\\index.php')
CRITICAL - 2025-06-07 05:05:31 --> ErrorException: Undefined property: CodeIgniter\View\View::$uri
[Method: GET, Route: xplorea/paintings]
in APPPATH\Views\xplorea\paintings.php on line 65.
 1 APPPATH\Views\xplorea\paintings.php(65): CodeIgniter\Debug\Exceptions->errorHandler(2, 'Undefined property: CodeIgniter\\View\\View::$uri', 'C:\\xampp\\htdocs\\Xplorea\\app\\Views\\xplorea\\paintings.php', 65)
 2 SYSTEMPATH\View\View.php(224): include('C:\\xampp\\htdocs\\Xplorea\\app\\Views\\xplorea\\paintings.php')
 3 SYSTEMPATH\View\View.php(227): CodeIgniter\View\View->CodeIgniter\View\{closure}()
 4 SYSTEMPATH\Common.php(1173): CodeIgniter\View\View->render('xplorea/paintings', [], true)
 5 APPPATH\Controllers\Xplorea.php(28): view('xplorea/paintings')
 6 SYSTEMPATH\CodeIgniter.php(933): App\Controllers\Xplorea->paintings()
 7 SYSTEMPATH\CodeIgniter.php(507): CodeIgniter\CodeIgniter->runController(Object(App\Controllers\Xplorea))
 8 SYSTEMPATH\CodeIgniter.php(354): CodeIgniter\CodeIgniter->handleRequest(null, Object(Config\Cache), false)
 9 SYSTEMPATH\Boot.php(334): CodeIgniter\CodeIgniter->run()
10 SYSTEMPATH\Boot.php(67): CodeIgniter\Boot::runCodeIgniter(Object(CodeIgniter\CodeIgniter))
11 FCPATH\index.php(59): CodeIgniter\Boot::bootWeb(Object(Config\Paths))
12 SYSTEMPATH\rewrite.php(44): require_once('C:\\xampp\\htdocs\\Xplorea\\public\\index.php')
CRITICAL - 2025-06-07 05:06:21 --> ErrorException: Undefined property: CodeIgniter\View\View::$uri
[Method: GET, Route: xplorea/marketplace]
in APPPATH\Views\xplorea\marketplace.php on line 64.
 1 APPPATH\Views\xplorea\marketplace.php(64): CodeIgniter\Debug\Exceptions->errorHandler(2, 'Undefined property: CodeIgniter\\View\\View::$uri', 'C:\\xampp\\htdocs\\Xplorea\\app\\Views\\xplorea\\marketplace.php', 64)
 2 SYSTEMPATH\View\View.php(224): include('C:\\xampp\\htdocs\\Xplorea\\app\\Views\\xplorea\\marketplace.php')
 3 SYSTEMPATH\View\View.php(227): CodeIgniter\View\View->CodeIgniter\View\{closure}()
 4 SYSTEMPATH\Common.php(1173): CodeIgniter\View\View->render('xplorea/marketplace', [], true)
 5 APPPATH\Controllers\Xplorea.php(24): view('xplorea/marketplace')
 6 SYSTEMPATH\CodeIgniter.php(933): App\Controllers\Xplorea->marketplace()
 7 SYSTEMPATH\CodeIgniter.php(507): CodeIgniter\CodeIgniter->runController(Object(App\Controllers\Xplorea))
 8 SYSTEMPATH\CodeIgniter.php(354): CodeIgniter\CodeIgniter->handleRequest(null, Object(Config\Cache), false)
 9 SYSTEMPATH\Boot.php(334): CodeIgniter\CodeIgniter->run()
10 SYSTEMPATH\Boot.php(67): CodeIgniter\Boot::runCodeIgniter(Object(CodeIgniter\CodeIgniter))
11 FCPATH\index.php(59): CodeIgniter\Boot::bootWeb(Object(Config\Paths))
12 SYSTEMPATH\rewrite.php(44): require_once('C:\\xampp\\htdocs\\Xplorea\\public\\index.php')
CRITICAL - 2025-06-07 05:06:29 --> ErrorException: Undefined property: CodeIgniter\View\View::$uri
[Method: GET, Route: xplorea/marketplace]
in APPPATH\Views\xplorea\marketplace.php on line 64.
 1 APPPATH\Views\xplorea\marketplace.php(64): CodeIgniter\Debug\Exceptions->errorHandler(2, 'Undefined property: CodeIgniter\\View\\View::$uri', 'C:\\xampp\\htdocs\\Xplorea\\app\\Views\\xplorea\\marketplace.php', 64)
 2 SYSTEMPATH\View\View.php(224): include('C:\\xampp\\htdocs\\Xplorea\\app\\Views\\xplorea\\marketplace.php')
 3 SYSTEMPATH\View\View.php(227): CodeIgniter\View\View->CodeIgniter\View\{closure}()
 4 SYSTEMPATH\Common.php(1173): CodeIgniter\View\View->render('xplorea/marketplace', [], true)
 5 APPPATH\Controllers\Xplorea.php(24): view('xplorea/marketplace')
 6 SYSTEMPATH\CodeIgniter.php(933): App\Controllers\Xplorea->marketplace()
 7 SYSTEMPATH\CodeIgniter.php(507): CodeIgniter\CodeIgniter->runController(Object(App\Controllers\Xplorea))
 8 SYSTEMPATH\CodeIgniter.php(354): CodeIgniter\CodeIgniter->handleRequest(null, Object(Config\Cache), false)
 9 SYSTEMPATH\Boot.php(334): CodeIgniter\CodeIgniter->run()
10 SYSTEMPATH\Boot.php(67): CodeIgniter\Boot::runCodeIgniter(Object(CodeIgniter\CodeIgniter))
11 FCPATH\index.php(59): CodeIgniter\Boot::bootWeb(Object(Config\Paths))
12 SYSTEMPATH\rewrite.php(44): require_once('C:\\xampp\\htdocs\\Xplorea\\public\\index.php')
CRITICAL - 2025-06-07 05:10:14 --> ErrorException: Undefined property: CodeIgniter\View\View::$uri
[Method: GET, Route: xplorea/marketplace]
in APPPATH\Views\xplorea\marketplace.php on line 64.
 1 APPPATH\Views\xplorea\marketplace.php(64): CodeIgniter\Debug\Exceptions->errorHandler(2, 'Undefined property: CodeIgniter\\View\\View::$uri', 'C:\\xampp\\htdocs\\Xplorea\\app\\Views\\xplorea\\marketplace.php', 64)
 2 SYSTEMPATH\View\View.php(224): include('C:\\xampp\\htdocs\\Xplorea\\app\\Views\\xplorea\\marketplace.php')
 3 SYSTEMPATH\View\View.php(227): CodeIgniter\View\View->CodeIgniter\View\{closure}()
 4 SYSTEMPATH\Common.php(1173): CodeIgniter\View\View->render('xplorea/marketplace', [], true)
 5 APPPATH\Controllers\Xplorea.php(26): view('xplorea/marketplace', [...])
 6 SYSTEMPATH\CodeIgniter.php(933): App\Controllers\Xplorea->marketplace()
 7 SYSTEMPATH\CodeIgniter.php(507): CodeIgniter\CodeIgniter->runController(Object(App\Controllers\Xplorea))
 8 SYSTEMPATH\CodeIgniter.php(354): CodeIgniter\CodeIgniter->handleRequest(null, Object(Config\Cache), false)
 9 SYSTEMPATH\Boot.php(334): CodeIgniter\CodeIgniter->run()
10 SYSTEMPATH\Boot.php(67): CodeIgniter\Boot::runCodeIgniter(Object(CodeIgniter\CodeIgniter))
11 FCPATH\index.php(59): CodeIgniter\Boot::bootWeb(Object(Config\Paths))
12 SYSTEMPATH\rewrite.php(44): require_once('C:\\xampp\\htdocs\\Xplorea\\public\\index.php')
CRITICAL - 2025-06-07 05:22:35 --> CodeIgniter\View\Exceptions\ViewException: Invalid file: "xplorea/marketplace.php"
[Method: GET, Route: xplorea/marketplace]
in SYSTEMPATH\Exceptions\FrameworkException.php on line 39.
 1 SYSTEMPATH\View\View.php(212): CodeIgniter\Exceptions\FrameworkException::forInvalidFile('xplorea/marketplace.php')
 2 SYSTEMPATH\Common.php(1173): CodeIgniter\View\View->render('xplorea/marketplace', [], true)
 3 APPPATH\Controllers\Marketplace.php(11): view('xplorea/marketplace', [...])
 4 APPPATH\Controllers\Xplorea.php(24): App\Controllers\Marketplace->index()
 5 SYSTEMPATH\CodeIgniter.php(933): App\Controllers\Xplorea->marketplace()
 6 SYSTEMPATH\CodeIgniter.php(507): CodeIgniter\CodeIgniter->runController(Object(App\Controllers\Xplorea))
 7 SYSTEMPATH\CodeIgniter.php(354): CodeIgniter\CodeIgniter->handleRequest(null, Object(Config\Cache), false)
 8 SYSTEMPATH\Boot.php(334): CodeIgniter\CodeIgniter->run()
 9 SYSTEMPATH\Boot.php(67): CodeIgniter\Boot::runCodeIgniter(Object(CodeIgniter\CodeIgniter))
10 FCPATH\index.php(59): CodeIgniter\Boot::bootWeb(Object(Config\Paths))
11 SYSTEMPATH\rewrite.php(44): require_once('C:\\xampp\\htdocs\\Xplorea\\public\\index.php')
CRITICAL - 2025-06-07 05:44:27 --> ErrorException: Undefined variable $current
[Method: GET, Route: xplorea/marketplace]
in APPPATH\Views\xplorea\marketplace.php on line 66.
 1 APPPATH\Views\xplorea\marketplace.php(66): CodeIgniter\Debug\Exceptions->errorHandler(2, 'Undefined variable $current', 'C:\\xampp\\htdocs\\Xplorea\\app\\Views\\xplorea\\marketplace.php', 66)
 2 SYSTEMPATH\View\View.php(224): include('C:\\xampp\\htdocs\\Xplorea\\app\\Views\\xplorea\\marketplace.php')
 3 SYSTEMPATH\View\View.php(227): CodeIgniter\View\View->CodeIgniter\View\{closure}()
 4 SYSTEMPATH\Common.php(1173): CodeIgniter\View\View->render('xplorea/marketplace', [], true)
 5 APPPATH\Controllers\Xplorea.php(23): view('xplorea/marketplace')
 6 SYSTEMPATH\CodeIgniter.php(933): App\Controllers\Xplorea->marketplace()
 7 SYSTEMPATH\CodeIgniter.php(507): CodeIgniter\CodeIgniter->runController(Object(App\Controllers\Xplorea))
 8 SYSTEMPATH\CodeIgniter.php(354): CodeIgniter\CodeIgniter->handleRequest(null, Object(Config\Cache), false)
 9 SYSTEMPATH\Boot.php(334): CodeIgniter\CodeIgniter->run()
10 SYSTEMPATH\Boot.php(67): CodeIgniter\Boot::runCodeIgniter(Object(CodeIgniter\CodeIgniter))
11 FCPATH\index.php(59): CodeIgniter\Boot::bootWeb(Object(Config\Paths))
12 SYSTEMPATH\rewrite.php(44): require_once('C:\\xampp\\htdocs\\Xplorea\\public\\index.php')
CRITICAL - 2025-06-07 05:47:47 --> CodeIgniter\View\Exceptions\ViewException: Invalid file: "xplorea/digital_arts.php"
[Method: GET, Route: xplorea/digital]
in SYSTEMPATH\Exceptions\FrameworkException.php on line 39.
 1 SYSTEMPATH\View\View.php(212): CodeIgniter\Exceptions\FrameworkException::forInvalidFile('xplorea/digital_arts.php')
 2 SYSTEMPATH\Common.php(1173): CodeIgniter\View\View->render('xplorea/digital_arts', [], true)
 3 APPPATH\Controllers\Xplorea.php(10): view('xplorea/digital_arts', [...])
 4 APPPATH\Controllers\Xplorea.php(45): App\Controllers\Xplorea->renderWithCurrent('xplorea/digital_arts', 'digital')
 5 SYSTEMPATH\CodeIgniter.php(933): App\Controllers\Xplorea->digital_arts()
 6 SYSTEMPATH\CodeIgniter.php(507): CodeIgniter\CodeIgniter->runController(Object(App\Controllers\Xplorea))
 7 SYSTEMPATH\CodeIgniter.php(354): CodeIgniter\CodeIgniter->handleRequest(null, Object(Config\Cache), false)
 8 SYSTEMPATH\Boot.php(334): CodeIgniter\CodeIgniter->run()
 9 SYSTEMPATH\Boot.php(67): CodeIgniter\Boot::runCodeIgniter(Object(CodeIgniter\CodeIgniter))
10 FCPATH\index.php(59): CodeIgniter\Boot::bootWeb(Object(Config\Paths))
11 SYSTEMPATH\rewrite.php(44): require_once('C:\\xampp\\htdocs\\Xplorea\\public\\index.php')
CRITICAL - 2025-06-07 05:48:08 --> CodeIgniter\View\Exceptions\ViewException: Invalid file: "xplorea/digital_arts.php"
[Method: GET, Route: xplorea/digital]
in SYSTEMPATH\Exceptions\FrameworkException.php on line 39.
 1 SYSTEMPATH\View\View.php(212): CodeIgniter\Exceptions\FrameworkException::forInvalidFile('xplorea/digital_arts.php')
 2 SYSTEMPATH\Common.php(1173): CodeIgniter\View\View->render('xplorea/digital_arts', [], true)
 3 APPPATH\Controllers\Xplorea.php(10): view('xplorea/digital_arts', [...])
 4 APPPATH\Controllers\Xplorea.php(45): App\Controllers\Xplorea->renderWithCurrent('xplorea/digital_arts', 'digital')
 5 SYSTEMPATH\CodeIgniter.php(933): App\Controllers\Xplorea->digital_arts()
 6 SYSTEMPATH\CodeIgniter.php(507): CodeIgniter\CodeIgniter->runController(Object(App\Controllers\Xplorea))
 7 SYSTEMPATH\CodeIgniter.php(354): CodeIgniter\CodeIgniter->handleRequest(null, Object(Config\Cache), false)
 8 SYSTEMPATH\Boot.php(334): CodeIgniter\CodeIgniter->run()
 9 SYSTEMPATH\Boot.php(67): CodeIgniter\Boot::runCodeIgniter(Object(CodeIgniter\CodeIgniter))
10 FCPATH\index.php(59): CodeIgniter\Boot::bootWeb(Object(Config\Paths))
11 SYSTEMPATH\rewrite.php(44): require_once('C:\\xampp\\htdocs\\Xplorea\\public\\index.php')
CRITICAL - 2025-06-07 05:48:18 --> CodeIgniter\View\Exceptions\ViewException: Invalid file: "xplorea/digital_arts.php"
[Method: GET, Route: xplorea/digital]
in SYSTEMPATH\Exceptions\FrameworkException.php on line 39.
 1 SYSTEMPATH\View\View.php(212): CodeIgniter\Exceptions\FrameworkException::forInvalidFile('xplorea/digital_arts.php')
 2 SYSTEMPATH\Common.php(1173): CodeIgniter\View\View->render('xplorea/digital_arts', [], true)
 3 APPPATH\Controllers\Xplorea.php(10): view('xplorea/digital_arts', [...])
 4 APPPATH\Controllers\Xplorea.php(45): App\Controllers\Xplorea->renderWithCurrent('xplorea/digital_arts', 'digital')
 5 SYSTEMPATH\CodeIgniter.php(933): App\Controllers\Xplorea->digital_arts()
 6 SYSTEMPATH\CodeIgniter.php(507): CodeIgniter\CodeIgniter->runController(Object(App\Controllers\Xplorea))
 7 SYSTEMPATH\CodeIgniter.php(354): CodeIgniter\CodeIgniter->handleRequest(null, Object(Config\Cache), false)
 8 SYSTEMPATH\Boot.php(334): CodeIgniter\CodeIgniter->run()
 9 SYSTEMPATH\Boot.php(67): CodeIgniter\Boot::runCodeIgniter(Object(CodeIgniter\CodeIgniter))
10 FCPATH\index.php(59): CodeIgniter\Boot::bootWeb(Object(Config\Paths))
11 SYSTEMPATH\rewrite.php(44): require_once('C:\\xampp\\htdocs\\Xplorea\\public\\index.php')
